----------------------------------------------------
Date: Sat Jan 07 10:21:48 BDT 2023
GET / HTTP/1.1
HTTP/1.1 200 OK
----------------------------------------------------
----------------------------------------------------
Date: Sat Jan 07 10:21:49 BDT 2023
GET /favicon.ico HTTP/1.1
HTTP/1.1 404 Not Found
----------------------------------------------------
----------------------------------------------------
Date: Sat Jan 07 10:21:51 BDT 2023
GET /root/doc1.docx HTTP/1.1
HTTP/1.1 200 OK
----------------------------------------------------
----------------------------------------------------
Date: Sat Jan 07 10:21:54 BDT 2023
GET /doesnt_exist HTTP/1.1
HTTP/1.1 404 Not Found
----------------------------------------------------
----------------------------------------------------
Date: Sat Jan 07 10:21:57 BDT 2023
GET /root/uploads HTTP/1.1
HTTP/1.1 200 OK
----------------------------------------------------
----------------------------------------------------
Date: Sat Jan 07 10:21:58 BDT 2023
GET /root/file1.txt HTTP/1.1
HTTP/1.1 200 OK
----------------------------------------------------
----------------------------------------------------
Date: Sat Jan 07 10:22:00 BDT 2023
GET /root/dir1 HTTP/1.1
HTTP/1.1 200 OK
----------------------------------------------------
----------------------------------------------------
Date: Sat Jan 07 10:22:01 BDT 2023
GET /root/dir1/file2.txt HTTP/1.1
HTTP/1.1 200 OK
----------------------------------------------------
----------------------------------------------------
Date: Sat Jan 07 10:22:03 BDT 2023
GET /root/dir1/imgsend.jpg HTTP/1.1
HTTP/1.1 200 OK
----------------------------------------------------
----------------------------------------------------
Date: Sat Jan 07 10:22:09 BDT 2023
GET /root/dir1/imgsend.jpg HTTP/1.1
HTTP/1.1 200 OK
----------------------------------------------------
----------------------------------------------------
Date: Sat Jan 07 10:22:51 BDT 2023
GET /root/dir1/dir2 HTTP/1.1
HTTP/1.1 200 OK
----------------------------------------------------
----------------------------------------------------
Date: Sat Jan 07 10:22:52 BDT 2023
GET /root/dir1/dir2/dir3 HTTP/1.1
HTTP/1.1 200 OK
----------------------------------------------------
----------------------------------------------------
Date: Sat Jan 07 10:22:57 BDT 2023
GET /root/dir1/pdfsend.pdf HTTP/1.1
HTTP/1.1 200 OK
----------------------------------------------------
----------------------------------------------------
Date: Sat Jan 07 10:24:23 BDT 2023
GET /root/dir1 HTTP/1.1
HTTP/1.1 200 OK
----------------------------------------------------
----------------------------------------------------
Date: Sat Jan 07 10:24:26 BDT 2023
GET /root/dir1/imgsend.jpg HTTP/1.1
HTTP/1.1 200 OK
----------------------------------------------------
----------------------------------------------------
Date: Sat Jan 07 10:40:59 BDT 2023
GET /root/uploads HTTP/1.1
HTTP/1.1 200 OK
----------------------------------------------------
----------------------------------------------------
Date: Sat Jan 07 10:41:00 BDT 2023
GET /root/uploads/file1.txt HTTP/1.1
HTTP/1.1 200 OK
----------------------------------------------------
